2025-10-23 23:24:18,449 - weather_app - INFO - Logger configured.
2025-10-23 23:24:18,587 - weather_app - ERROR - WEATHER_API_KEY environment variable not set.
2025-10-23 23:32:57,173 - weather_app - INFO - Logger configured.
2025-10-23 23:32:57,286 - weather_app - INFO - Application started.
2025-10-23 23:32:57,286 - weather_app - ERROR - Error: Config file not found at /home/rmitchell/projects/notification_app/../Config/weather_config.yml
2025-10-23 23:32:57,286 - weather_app - ERROR - Configuration loading failed. Exiting.
2025-10-23 23:33:45,436 - weather_app - INFO - Logger configured.
2025-10-23 23:33:45,549 - weather_app - INFO - Application started.
2025-10-23 23:33:45,551 - weather_app - INFO - Config file loaded successfully from /home/rmitchell/projects/notification_app/Config/weather_config.yml
2025-10-23 23:33:45,551 - weather_app - INFO - Configuration loaded successfully.
2025-10-23 23:33:45,552 - weather_app - INFO - Loading users from config.
2025-10-23 23:33:45,552 - weather_app - INFO - User object created for Ryan
2025-10-23 23:33:45,552 - weather_app - INFO - Loaded user: Ryan
2025-10-23 23:33:45,552 - weather_app - INFO - User object created for User Two
2025-10-23 23:33:45,552 - weather_app - INFO - Loaded user: User Two
2025-10-23 23:33:45,552 - weather_app - INFO - Finished loading 2 users.
2025-10-23 23:33:45,552 - weather_app - INFO - Found 4 unique zipcodes.
2025-10-23 23:33:45,552 - weather_app - INFO - Loaded 2 users.
2025-10-23 23:33:45,552 - weather_app - INFO - Found 4 unique zipcodes.
2025-10-23 23:37:44,038 - weather_app - INFO - Logger configured.
2025-10-23 23:37:44,154 - weather_app - INFO - Application started.
2025-10-23 23:37:44,156 - weather_app - INFO - Config file loaded successfully from /home/rmitchell/projects/notification_app/Config/weather_config.yml
2025-10-23 23:37:44,156 - weather_app - INFO - Configuration loaded successfully.
2025-10-23 23:37:44,156 - weather_app - INFO - Loading users from config.
2025-10-23 23:37:44,156 - weather_app - INFO - User object created for Ryan
2025-10-23 23:37:44,157 - weather_app - INFO - Loaded user: Ryan
2025-10-23 23:37:44,157 - weather_app - INFO - User object created for User Two
2025-10-23 23:37:44,157 - weather_app - INFO - Loaded user: User Two
2025-10-23 23:37:44,157 - weather_app - INFO - Finished loading 2 users.
2025-10-23 23:37:44,157 - weather_app - INFO - Found 4 unique zipcodes.
2025-10-23 23:37:44,157 - weather_app - INFO - Loaded 2 users.
2025-10-23 23:37:44,157 - weather_app - INFO - Found 4 unique zipcodes.
2025-10-23 23:37:44,157 - weather_app - INFO - EmailConfig singleton instance created.
2025-10-23 23:37:44,157 - weather_app - INFO - EmailConfig instance initialized successfully.
2025-10-23 23:37:44,157 - weather_app - INFO - Email configuration initialized successfully.
2025-10-23 23:37:44,157 - weather_app - INFO - Fetching weather data for 4 unique zipcodes.
2025-10-23 23:37:44,230 - weather_app - ERROR - Error fetching weather data for zipcode 22202: 400 Client Error: Bad Request for url: http://api.openweathermap.org/data/2.5/forecast?zip=22202,cnt=3,us&appid=8f700582f1ab19a2cb753a59b13091f3
2025-10-23 23:37:44,268 - weather_app - ERROR - Error fetching weather data for zipcode 75001: 400 Client Error: Bad Request for url: http://api.openweathermap.org/data/2.5/forecast?zip=75001,cnt=3,us&appid=8f700582f1ab19a2cb753a59b13091f3
2025-10-23 23:37:44,308 - weather_app - ERROR - Error fetching weather data for zipcode 60601: 400 Client Error: Bad Request for url: http://api.openweathermap.org/data/2.5/forecast?zip=60601,cnt=3,us&appid=8f700582f1ab19a2cb753a59b13091f3
2025-10-23 23:37:44,352 - weather_app - ERROR - Error fetching weather data for zipcode 22315: 400 Client Error: Bad Request for url: http://api.openweathermap.org/data/2.5/forecast?zip=22315,cnt=3,us&appid=8f700582f1ab19a2cb753a59b13091f3
2025-10-23 23:37:44,352 - weather_app - INFO - Converting weather data to human readable format.
2025-10-23 23:37:44,353 - weather_app - WARNING - Skipping human readable conversion for zipcode 22202 due to fetch error.
2025-10-23 23:37:44,353 - weather_app - WARNING - Skipping human readable conversion for zipcode 75001 due to fetch error.
2025-10-23 23:37:44,353 - weather_app - WARNING - Skipping human readable conversion for zipcode 60601 due to fetch error.
2025-10-23 23:37:44,353 - weather_app - WARNING - Skipping human readable conversion for zipcode 22315 due to fetch error.
2025-10-23 23:37:44,354 - weather_app - INFO - Finished converting weather data to human readable format.
2025-10-23 23:37:44,354 - weather_app - INFO - Weather data retrieved successfully.
2025-10-23 23:37:44,354 - weather_app - INFO - Generating messages for users.
2025-10-23 23:37:44,354 - weather_app - INFO - Generating message for user: Ryan
2025-10-23 23:37:44,355 - weather_app - INFO - Included weather data for zipcode 22315 in message for Ryan
2025-10-23 23:37:44,355 - weather_app - INFO - Included weather data for zipcode 22202 in message for Ryan
2025-10-23 23:37:44,355 - weather_app - INFO - Message generated for user: Ryan
2025-10-23 23:37:44,356 - weather_app - INFO - Generating message for user: User Two
2025-10-23 23:37:44,356 - weather_app - INFO - Included weather data for zipcode 60601 in message for User Two
2025-10-23 23:37:44,356 - weather_app - INFO - Included weather data for zipcode 75001 in message for User Two
2025-10-23 23:37:44,356 - weather_app - INFO - Message generated for user: User Two
2025-10-23 23:37:44,357 - weather_app - INFO - Finished generating messages.
2025-10-23 23:37:44,357 - weather_app - INFO - Attempting to send messages.
2025-10-23 23:37:44,464 - weather_app - INFO - SMTP SSL context established.
2025-10-23 23:37:44,646 - weather_app - INFO - SMTP login successful.
2025-10-23 23:37:44,646 - weather_app - INFO - Sending message to Ryan
2025-10-23 23:37:45,297 - weather_app - INFO - Email sent successfully to 6157678490@vtext.com
2025-10-23 23:37:45,297 - weather_app - INFO - Sending message to User Two
2025-10-23 23:37:45,837 - weather_app - INFO - Email sent successfully to 0987654321@tmomail.net
2025-10-23 23:37:45,861 - weather_app - INFO - Application finished.
2025-10-24 21:41:31,536 - weather_app - INFO - Logger configured.
2025-10-24 21:41:31,652 - weather_app - INFO - Application started.
2025-10-24 21:41:31,655 - weather_app - INFO - Config file loaded successfully from /home/rmitchell/projects/notification_app/Config/weather_config.yml
2025-10-24 21:41:31,655 - weather_app - INFO - Configuration loaded successfully.
2025-10-24 21:41:31,655 - weather_app - INFO - Loading users from config.
2025-10-24 21:41:31,655 - weather_app - INFO - User object created for Ryan
2025-10-24 21:41:31,655 - weather_app - INFO - Loaded user: Ryan
2025-10-24 21:41:31,655 - weather_app - INFO - User object created for User Two
2025-10-24 21:41:31,655 - weather_app - INFO - Loaded user: User Two
2025-10-24 21:41:31,655 - weather_app - INFO - Finished loading 2 users.
2025-10-24 21:41:31,655 - weather_app - INFO - Found 4 unique zipcodes.
2025-10-24 21:41:31,656 - weather_app - INFO - Loaded 2 users.
2025-10-24 21:41:31,656 - weather_app - INFO - Found 4 unique zipcodes.
2025-10-24 21:41:31,656 - weather_app - INFO - EmailConfig singleton instance created.
2025-10-24 21:41:31,656 - weather_app - INFO - EmailConfig instance initialized successfully.
2025-10-24 21:41:31,656 - weather_app - INFO - Email configuration initialized successfully.
2025-10-24 21:41:31,656 - weather_app - INFO - Fetching weather data for 4 unique zipcodes.
2025-10-24 21:41:31,747 - weather_app - INFO - Successfully fetched weather data for zipcode 22315
2025-10-24 21:41:31,802 - weather_app - INFO - Successfully fetched weather data for zipcode 22202
2025-10-24 21:41:31,856 - weather_app - INFO - Successfully fetched weather data for zipcode 75001
2025-10-24 21:41:31,922 - weather_app - INFO - Successfully fetched weather data for zipcode 60601
2025-10-24 21:41:31,922 - weather_app - INFO - Converting weather data to human readable format.
2025-10-24 21:41:31,923 - weather_app - INFO - Finished converting weather data to human readable format.
2025-10-24 21:41:31,923 - weather_app - INFO - Weather data retrieved successfully.
2025-10-24 21:41:31,923 - weather_app - INFO - Generating messages for users.
2025-10-24 21:41:31,923 - weather_app - INFO - Generating message for user: Ryan
2025-10-24 21:41:31,924 - weather_app - INFO - Included weather data for zipcode 22315 in message for Ryan
2025-10-24 21:41:31,924 - weather_app - INFO - Included weather data for zipcode 22202 in message for Ryan
2025-10-24 21:41:31,924 - weather_app - INFO - Message generated for user: Ryan
2025-10-24 21:41:31,924 - weather_app - INFO - Generating message for user: User Two
2025-10-24 21:41:31,924 - weather_app - INFO - Included weather data for zipcode 60601 in message for User Two
2025-10-24 21:41:31,925 - weather_app - INFO - Included weather data for zipcode 75001 in message for User Two
2025-10-24 21:41:31,925 - weather_app - INFO - Message generated for user: User Two
2025-10-24 21:41:31,925 - weather_app - INFO - Finished generating messages.
2025-10-24 21:41:31,925 - weather_app - INFO - Attempting to send messages.
2025-10-24 21:41:32,068 - weather_app - INFO - SMTP SSL context established.
2025-10-24 21:41:32,279 - weather_app - INFO - SMTP login successful.
2025-10-24 21:41:32,279 - weather_app - INFO - Sending message to Ryan
2025-10-24 21:41:32,939 - weather_app - INFO - Email sent successfully to 6157678490@vtext.com
2025-10-24 21:41:32,940 - weather_app - INFO - Sending message to User Two
2025-10-24 21:41:33,891 - weather_app - INFO - Email sent successfully to 0987654321@tmomail.net
2025-10-24 21:41:33,937 - weather_app - INFO - Application finished.
2025-10-24 22:11:59,620 - weather_app - INFO - Logger configured.
2025-10-24 22:13:11,474 - weather_app - INFO - Logger configured.
2025-10-24 22:13:11,590 - weather_app - INFO - Application started.
2025-10-24 22:13:11,592 - weather_app - INFO - Config file loaded successfully from /home/rmitchell/projects/notification_app/Config/weather_config.yml
2025-10-24 22:13:11,592 - weather_app - INFO - Configuration loaded successfully.
2025-10-24 22:13:11,592 - weather_app - INFO - Loading users from config.
2025-10-24 22:13:11,592 - weather_app - INFO - User object created for Ryan
2025-10-24 22:13:11,592 - weather_app - INFO - Loaded user: Ryan
2025-10-24 22:13:11,592 - weather_app - INFO - User object created for User Two
2025-10-24 22:13:11,593 - weather_app - INFO - Loaded user: User Two
2025-10-24 22:13:11,593 - weather_app - INFO - Finished loading 2 users.
2025-10-24 22:13:11,593 - weather_app - INFO - Found 4 unique zipcodes.
2025-10-24 22:13:11,593 - weather_app - INFO - Loaded 2 users.
2025-10-24 22:13:11,593 - weather_app - INFO - Found 4 unique zipcodes.
2025-10-24 22:13:11,593 - weather_app - INFO - EmailConfig singleton instance created.
2025-10-24 22:13:11,593 - weather_app - INFO - EmailConfig instance initialized successfully.
2025-10-24 22:13:11,593 - weather_app - INFO - Email configuration initialized successfully.
2025-10-24 22:13:11,593 - weather_app - INFO - Fetching weather data for 4 unique zipcodes.
2025-10-24 22:13:11,670 - weather_app - INFO - Successfully fetched weather data for zipcode 22202
2025-10-24 22:13:11,724 - weather_app - INFO - Successfully fetched weather data for zipcode 60601
2025-10-24 22:13:11,783 - weather_app - INFO - Successfully fetched weather data for zipcode 75001
2025-10-24 22:13:11,848 - weather_app - INFO - Successfully fetched weather data for zipcode 22315
2025-10-24 22:13:11,848 - weather_app - INFO - Converting weather data to human readable format.
2025-10-24 22:27:17,159 - weather_app - INFO - Logger configured.
2025-10-24 22:27:17,273 - weather_app - INFO - Application started.
2025-10-24 22:27:17,275 - weather_app - INFO - Config file loaded successfully from /home/rmitchell/projects/notification_app/Config/weather_config.yml
2025-10-24 22:27:17,276 - weather_app - INFO - Configuration loaded successfully.
2025-10-24 22:27:17,276 - weather_app - INFO - Loading users from config.
2025-10-24 22:27:17,276 - weather_app - INFO - User object created for Ryan
2025-10-24 22:27:17,276 - weather_app - INFO - Loaded user: Ryan
2025-10-24 22:27:17,276 - weather_app - INFO - User object created for User Two
2025-10-24 22:27:17,276 - weather_app - INFO - Loaded user: User Two
2025-10-24 22:27:17,276 - weather_app - INFO - Finished loading 2 users.
2025-10-24 22:27:17,276 - weather_app - INFO - Found 4 unique zipcodes.
2025-10-24 22:27:17,276 - weather_app - INFO - Loaded 2 users.
2025-10-24 22:27:17,276 - weather_app - INFO - Found 4 unique zipcodes.
2025-10-24 22:27:17,277 - weather_app - INFO - EmailConfig singleton instance created.
2025-10-24 22:27:17,277 - weather_app - INFO - EmailConfig instance initialized successfully.
2025-10-24 22:27:17,277 - weather_app - INFO - Email configuration initialized successfully.
2025-10-24 22:27:17,277 - weather_app - INFO - Fetching weather data for 4 unique zipcodes.
2025-10-24 22:27:17,366 - weather_app - INFO - Successfully fetched weather data for zipcode 22315
2025-10-24 22:27:17,421 - weather_app - INFO - Successfully fetched weather data for zipcode 75001
2025-10-24 22:27:17,487 - weather_app - INFO - Successfully fetched weather data for zipcode 22202
2025-10-24 22:27:17,542 - weather_app - INFO - Successfully fetched weather data for zipcode 60601
2025-10-24 22:27:17,542 - weather_app - INFO - Converting weather data to human readable format.
2025-10-24 22:47:02,671 - weather_app - INFO - Logger configured.
2025-10-24 22:47:02,787 - weather_app - INFO - Application started.
2025-10-24 22:47:02,789 - weather_app - INFO - Config file loaded successfully from /home/rmitchell/projects/notification_app/Config/weather_config.yml
2025-10-24 22:47:02,789 - weather_app - INFO - Configuration loaded successfully.
2025-10-24 22:47:02,789 - weather_app - INFO - Loading users from config.
2025-10-24 22:47:02,789 - weather_app - INFO - User object created for Ryan
2025-10-24 22:47:02,789 - weather_app - INFO - Loaded user: Ryan
2025-10-24 22:47:02,789 - weather_app - INFO - User object created for User Two
2025-10-24 22:47:02,790 - weather_app - INFO - Loaded user: User Two
2025-10-24 22:47:02,790 - weather_app - INFO - Finished loading 2 users.
2025-10-24 22:47:02,790 - weather_app - INFO - Found 4 unique zipcodes.
2025-10-24 22:47:02,790 - weather_app - INFO - Loaded 2 users.
2025-10-24 22:47:02,790 - weather_app - INFO - Found 4 unique zipcodes.
2025-10-24 22:47:02,790 - weather_app - INFO - EmailConfig singleton instance created.
2025-10-24 22:47:02,790 - weather_app - INFO - EmailConfig instance initialized successfully.
2025-10-24 22:47:02,790 - weather_app - INFO - Email configuration initialized successfully.
2025-10-24 22:47:02,790 - weather_app - INFO - Fetching weather data for 4 unique zipcodes.
2025-10-24 22:47:03,020 - weather_app - INFO - Successfully fetched weather data for zipcode 75001
2025-10-24 22:47:03,077 - weather_app - INFO - Successfully fetched weather data for zipcode 22315
2025-10-24 22:47:03,140 - weather_app - INFO - Successfully fetched weather data for zipcode 60601
2025-10-24 22:47:03,334 - weather_app - INFO - Successfully fetched weather data for zipcode 22202
2025-10-24 22:47:03,335 - weather_app - INFO - Converting weather data to human readable format.
2025-10-24 22:47:03,335 - weather_app - INFO - Finished converting weather data to human readable format.
2025-10-24 22:47:03,336 - weather_app - INFO - Weather data retrieved successfully.
2025-10-24 22:47:03,336 - weather_app - INFO - Generating messages for users.
2025-10-24 22:47:03,336 - weather_app - INFO - Generating message for user: Ryan
2025-10-24 22:47:03,336 - weather_app - INFO - Included weather data for zipcode 22315 in message for Ryan
2025-10-24 22:47:03,336 - weather_app - INFO - Included weather data for zipcode 22202 in message for Ryan
2025-10-24 22:47:03,337 - weather_app - INFO - Message generated for user: Ryan
2025-10-24 22:47:03,337 - weather_app - INFO - Generating message for user: User Two
2025-10-24 22:47:03,337 - weather_app - INFO - Included weather data for zipcode 60601 in message for User Two
2025-10-24 22:47:03,337 - weather_app - INFO - Included weather data for zipcode 75001 in message for User Two
2025-10-24 22:47:03,337 - weather_app - INFO - Message generated for user: User Two
2025-10-24 22:47:03,337 - weather_app - INFO - Finished generating messages.
2025-10-24 22:47:03,338 - weather_app - INFO - Attempting to send messages.
2025-10-24 22:47:03,485 - weather_app - INFO - SMTP SSL context established.
2025-10-24 22:47:03,690 - weather_app - INFO - SMTP login successful.
2025-10-24 22:47:03,690 - weather_app - INFO - Sending message to Ryan
2025-10-24 22:47:05,765 - weather_app - INFO - Email sent successfully to 6157678490@vtext.com
2025-10-24 22:47:05,765 - weather_app - INFO - Sending message to User Two
2025-10-24 22:47:06,538 - weather_app - INFO - Email sent successfully to 0987654321@tmomail.net
2025-10-24 22:47:06,560 - weather_app - INFO - Application finished.
2025-10-24 23:13:51,710 - weather_app - INFO - Logger configured.
2025-10-24 23:16:54,332 - weather_app - INFO - Logger configured.
2025-10-24 23:16:54,448 - weather_app - INFO - Application started.
2025-10-24 23:16:54,451 - weather_app - INFO - Config file loaded successfully from /home/rmitchell/projects/notification_app/Config/weather_config.yml
2025-10-24 23:16:54,451 - weather_app - INFO - Configuration loaded successfully.
2025-10-24 23:16:54,451 - weather_app - INFO - Loading users from config.
2025-10-24 23:16:54,451 - weather_app - INFO - User object created for Ryan
2025-10-24 23:16:54,451 - weather_app - INFO - Loaded user: Ryan
2025-10-24 23:16:54,451 - weather_app - INFO - User object created for User Two
2025-10-24 23:16:54,451 - weather_app - INFO - Loaded user: User Two
2025-10-24 23:16:54,451 - weather_app - INFO - Finished loading 2 users.
2025-10-24 23:16:54,452 - weather_app - INFO - Found 4 unique zipcodes.
2025-10-24 23:16:54,452 - weather_app - INFO - Loaded 2 users.
2025-10-24 23:16:54,452 - weather_app - INFO - Found 4 unique zipcodes.
2025-10-24 23:16:54,452 - weather_app - INFO - EmailConfig singleton instance created.
2025-10-24 23:16:54,452 - weather_app - INFO - EmailConfig instance initialized successfully.
2025-10-24 23:16:54,452 - weather_app - INFO - Email configuration initialized successfully.
2025-10-24 23:16:54,452 - weather_app - INFO - Fetching weather data for 4 unique zipcodes.
2025-10-24 23:16:54,531 - weather_app - INFO - Successfully fetched weather data for zipcode 22202
2025-10-24 23:16:54,607 - weather_app - INFO - Successfully fetched weather data for zipcode 75001
2025-10-24 23:16:54,669 - weather_app - INFO - Successfully fetched weather data for zipcode 60601
2025-10-24 23:16:54,736 - weather_app - INFO - Successfully fetched weather data for zipcode 22315
2025-10-24 23:16:54,736 - weather_app - INFO - Converting weather data to human readable format.
2025-10-24 23:16:54,736 - weather_app - INFO - Finished converting weather data to human readable format.
2025-10-24 23:16:54,737 - weather_app - INFO - Weather data retrieved successfully.
2025-10-24 23:16:54,737 - weather_app - INFO - Generating messages for users.
2025-10-24 23:16:54,737 - weather_app - INFO - Generating message for user: Ryan
2025-10-24 23:16:54,737 - weather_app - INFO - Included weather data for zipcode 22315 in message for Ryan
2025-10-24 23:16:54,737 - weather_app - INFO - Included weather data for zipcode 22202 in message for Ryan
2025-10-24 23:16:54,738 - weather_app - INFO - Message generated for user: Ryan
2025-10-24 23:16:54,738 - weather_app - INFO - Generating message for user: User Two
2025-10-24 23:16:54,738 - weather_app - INFO - Included weather data for zipcode 60601 in message for User Two
2025-10-24 23:16:54,738 - weather_app - INFO - Included weather data for zipcode 75001 in message for User Two
2025-10-24 23:16:54,738 - weather_app - INFO - Message generated for user: User Two
2025-10-24 23:16:54,738 - weather_app - INFO - Finished generating messages.
2025-10-24 23:16:54,739 - weather_app - INFO - Attempting to send messages.
2025-10-24 23:16:54,856 - weather_app - INFO - SMTP SSL context established.
2025-10-24 23:16:55,042 - weather_app - INFO - SMTP login successful.
2025-10-24 23:16:55,043 - weather_app - INFO - Sending message to Ryan
2025-10-24 23:16:57,150 - weather_app - INFO - Email sent successfully to 6157678490@vtext.com
2025-10-24 23:16:57,151 - weather_app - INFO - Sending message to User Two
2025-10-24 23:16:57,772 - weather_app - INFO - Email sent successfully to 0987654321@tmomail.net
2025-10-24 23:16:57,798 - weather_app - INFO - Application finished.
2025-10-24 23:18:18,448 - weather_app - INFO - Logger configured.
2025-10-24 23:18:18,561 - weather_app - INFO - Application started.
2025-10-24 23:18:18,563 - weather_app - INFO - Config file loaded successfully from /home/rmitchell/projects/notification_app/Config/weather_config.yml
2025-10-24 23:18:18,564 - weather_app - INFO - Configuration loaded successfully.
2025-10-24 23:18:18,564 - weather_app - INFO - Loading users from config.
2025-10-24 23:18:18,564 - weather_app - INFO - User object created for Ryan
2025-10-24 23:18:18,564 - weather_app - INFO - Loaded user: Ryan
2025-10-24 23:18:18,564 - weather_app - INFO - User object created for User Two
2025-10-24 23:18:18,564 - weather_app - INFO - Loaded user: User Two
2025-10-24 23:18:18,564 - weather_app - INFO - Finished loading 2 users.
2025-10-24 23:18:18,564 - weather_app - INFO - Found 4 unique zipcodes.
2025-10-24 23:18:18,564 - weather_app - INFO - Loaded 2 users.
2025-10-24 23:18:18,564 - weather_app - INFO - Found 4 unique zipcodes.
2025-10-24 23:18:18,564 - weather_app - INFO - EmailConfig singleton instance created.
2025-10-24 23:18:18,564 - weather_app - INFO - EmailConfig instance initialized successfully.
2025-10-24 23:18:18,564 - weather_app - INFO - Email configuration initialized successfully.
2025-10-24 23:18:18,565 - weather_app - INFO - Fetching weather data for 4 unique zipcodes.
2025-10-24 23:18:18,611 - weather_app - INFO - Successfully fetched weather data for zipcode 22202
2025-10-24 23:18:18,657 - weather_app - INFO - Successfully fetched weather data for zipcode 75001
2025-10-24 23:18:18,703 - weather_app - INFO - Successfully fetched weather data for zipcode 60601
2025-10-24 23:18:18,756 - weather_app - INFO - Successfully fetched weather data for zipcode 22315
2025-10-24 23:18:18,756 - weather_app - INFO - Converting weather data to human readable format.
2025-10-24 23:18:18,757 - weather_app - INFO - Finished converting weather data to human readable format.
2025-10-24 23:18:18,757 - weather_app - INFO - Weather data retrieved successfully.
2025-10-24 23:18:18,757 - weather_app - INFO - Generating messages for users.
2025-10-24 23:18:18,757 - weather_app - INFO - Generating message for user: Ryan
2025-10-24 23:18:18,757 - weather_app - INFO - Included weather data for zipcode 22315 in message for Ryan
2025-10-24 23:18:18,758 - weather_app - INFO - Included weather data for zipcode 22202 in message for Ryan
2025-10-24 23:18:18,758 - weather_app - INFO - Message generated for user: Ryan
2025-10-24 23:18:18,758 - weather_app - INFO - Generating message for user: User Two
2025-10-24 23:18:18,758 - weather_app - INFO - Included weather data for zipcode 60601 in message for User Two
2025-10-24 23:18:18,758 - weather_app - INFO - Included weather data for zipcode 75001 in message for User Two
2025-10-24 23:18:18,758 - weather_app - INFO - Message generated for user: User Two
2025-10-24 23:18:18,759 - weather_app - INFO - Finished generating messages.
2025-10-24 23:18:18,759 - weather_app - INFO - Attempting to send messages.
2025-10-24 23:18:18,885 - weather_app - INFO - SMTP SSL context established.
2025-10-24 23:18:19,077 - weather_app - INFO - SMTP login successful.
2025-10-24 23:18:19,078 - weather_app - INFO - Sending message to Ryan
2025-10-24 23:18:21,198 - weather_app - INFO - Email sent successfully to 6157678490@vtext.com
2025-10-24 23:18:21,198 - weather_app - INFO - Sending message to User Two
2025-10-24 23:18:23,133 - weather_app - INFO - Email sent successfully to 0987654321@tmomail.net
2025-10-24 23:18:23,161 - weather_app - INFO - Application finished.
2025-10-26 22:15:44,509 - weather_app - INFO - Logger configured.
2025-10-26 22:15:44,675 - weather_app - INFO - Application started.
2025-10-26 22:15:44,677 - weather_app - INFO - Config file loaded successfully from /home/rmitchell/projects/notification_app/Config/weather_config.yml
2025-10-26 22:15:44,678 - weather_app - INFO - Configuration loaded successfully.
2025-10-26 22:15:44,678 - weather_app - INFO - Loading users from config.
2025-10-26 22:15:44,678 - weather_app - INFO - User object created for Ryan
2025-10-26 22:15:44,678 - weather_app - INFO - Loaded user: Ryan
2025-10-26 22:15:44,678 - weather_app - INFO - User object created for User Two
2025-10-26 22:15:44,678 - weather_app - INFO - Loaded user: User Two
2025-10-26 22:15:44,678 - weather_app - INFO - Finished loading 2 users.
2025-10-26 22:15:44,678 - weather_app - INFO - Found 4 unique zipcodes.
2025-10-26 22:15:44,678 - weather_app - INFO - Loaded 2 users.
2025-10-26 22:15:44,678 - weather_app - INFO - Found 4 unique zipcodes.
2025-10-26 22:15:44,678 - weather_app - INFO - EmailConfig singleton instance created.
2025-10-26 22:15:44,678 - weather_app - INFO - EmailConfig instance initialized successfully.
2025-10-26 22:15:44,678 - weather_app - INFO - Email configuration initialized successfully.
2025-10-26 22:15:44,678 - weather_app - INFO - Fetching weather data for 4 unique zipcodes.
2025-10-26 22:15:44,757 - weather_app - INFO - Successfully fetched weather data for zipcode 22315
2025-10-26 22:15:44,812 - weather_app - INFO - Successfully fetched weather data for zipcode 60601
2025-10-26 22:15:44,866 - weather_app - INFO - Successfully fetched weather data for zipcode 75001
2025-10-26 22:15:44,930 - weather_app - INFO - Successfully fetched weather data for zipcode 22202
2025-10-26 22:15:44,931 - weather_app - INFO - Converting weather data to human readable format.
2025-10-26 22:15:44,931 - weather_app - INFO - Finished converting weather data to human readable format.
2025-10-26 22:15:44,931 - weather_app - INFO - Weather data retrieved successfully.
2025-10-26 22:15:44,931 - weather_app - INFO - Generating messages for users.
2025-10-26 22:15:44,931 - weather_app - INFO - Generating message for user: Ryan
2025-10-26 22:15:44,932 - weather_app - INFO - Included weather data for zipcode 22315 in message for Ryan
2025-10-26 22:15:44,932 - weather_app - INFO - Included weather data for zipcode 22202 in message for Ryan
2025-10-26 22:15:44,932 - weather_app - INFO - Message generated for user: Ryan
2025-10-26 22:15:44,932 - weather_app - INFO - Generating message for user: User Two
2025-10-26 22:15:44,932 - weather_app - INFO - Included weather data for zipcode 60601 in message for User Two
2025-10-26 22:15:44,932 - weather_app - INFO - Included weather data for zipcode 75001 in message for User Two
2025-10-26 22:15:44,933 - weather_app - INFO - Message generated for user: User Two
2025-10-26 22:15:44,933 - weather_app - INFO - Finished generating messages.
2025-10-26 22:15:44,933 - weather_app - INFO - Attempting to send messages.
2025-10-26 22:15:45,063 - weather_app - INFO - SMTP SSL context established.
2025-10-26 22:15:45,254 - weather_app - INFO - SMTP login successful.
2025-10-26 22:15:45,254 - weather_app - INFO - Sending message to Ryan
2025-10-26 22:15:46,818 - weather_app - INFO - Email sent successfully to 6157678490@vtext.com
2025-10-26 22:15:46,818 - weather_app - INFO - Sending message to User Two
2025-10-26 22:15:48,088 - weather_app - INFO - Email sent successfully to 0987654321@tmomail.net
2025-10-26 22:15:48,108 - weather_app - INFO - Application finished.
2025-10-26 22:23:38,627 - weather_app - INFO - Logger configured.
2025-10-26 22:23:38,740 - weather_app - INFO - Application started.
2025-10-26 22:23:38,742 - weather_app - INFO - Config file loaded successfully from /home/rmitchell/projects/notification_app/Config/weather_config.yml
2025-10-26 22:23:38,742 - weather_app - INFO - Configuration loaded successfully.
2025-10-26 22:23:38,743 - weather_app - INFO - Loading users from config.
2025-10-26 22:23:38,743 - weather_app - INFO - User object created for Ryan
2025-10-26 22:23:38,743 - weather_app - INFO - Loaded user: Ryan
2025-10-26 22:23:38,743 - weather_app - INFO - User object created for User Two
2025-10-26 22:23:38,743 - weather_app - INFO - Loaded user: User Two
2025-10-26 22:23:38,743 - weather_app - INFO - Finished loading 2 users.
2025-10-26 22:23:38,743 - weather_app - INFO - Found 4 unique zipcodes.
2025-10-26 22:23:38,743 - weather_app - INFO - Loaded 2 users.
2025-10-26 22:23:38,743 - weather_app - INFO - Found 4 unique zipcodes.
2025-10-26 22:23:38,744 - weather_app - INFO - EmailConfig singleton instance created.
2025-10-26 22:23:38,744 - weather_app - INFO - EmailConfig instance initialized successfully.
2025-10-26 22:23:38,744 - weather_app - INFO - Email configuration initialized successfully.
2025-10-26 22:23:38,744 - weather_app - INFO - Fetching weather data for 4 unique zipcodes.
2025-10-26 22:23:38,823 - weather_app - INFO - Successfully fetched weather data for zipcode 22202
2025-10-26 22:23:38,878 - weather_app - INFO - Successfully fetched weather data for zipcode 22315
2025-10-26 22:23:38,944 - weather_app - INFO - Successfully fetched weather data for zipcode 75001
2025-10-26 22:23:39,000 - weather_app - INFO - Successfully fetched weather data for zipcode 60601
2025-10-26 22:23:39,000 - weather_app - INFO - Converting weather data to human readable format.
2025-10-26 22:23:39,001 - weather_app - INFO - Finished converting weather data to human readable format.
2025-10-26 22:23:39,001 - weather_app - INFO - Weather data retrieved successfully.
2025-10-26 22:23:39,001 - weather_app - INFO - Generating messages for users.
2025-10-26 22:23:39,002 - weather_app - INFO - Generating message for user: Ryan
2025-10-26 22:23:39,002 - weather_app - INFO - Included weather data for zipcode 22315 in message for Ryan
2025-10-26 22:23:39,002 - weather_app - INFO - Included weather data for zipcode 22202 in message for Ryan
2025-10-26 22:23:39,002 - weather_app - INFO - Message generated for user: Ryan
2025-10-26 22:23:39,003 - weather_app - INFO - Generating message for user: User Two
2025-10-26 22:23:39,003 - weather_app - INFO - Included weather data for zipcode 60601 in message for User Two
2025-10-26 22:23:39,003 - weather_app - INFO - Included weather data for zipcode 75001 in message for User Two
2025-10-26 22:23:39,003 - weather_app - INFO - Message generated for user: User Two
2025-10-26 22:23:39,004 - weather_app - INFO - Finished generating messages.
2025-10-26 22:24:16,930 - weather_app - INFO - Logger configured.
2025-10-26 22:24:17,043 - weather_app - INFO - Application started.
2025-10-26 22:24:17,045 - weather_app - INFO - Config file loaded successfully from /home/rmitchell/projects/notification_app/Config/weather_config.yml
2025-10-26 22:24:17,045 - weather_app - INFO - Configuration loaded successfully.
2025-10-26 22:24:17,045 - weather_app - INFO - Loading users from config.
2025-10-26 22:24:17,045 - weather_app - INFO - User object created for Ryan
2025-10-26 22:24:17,045 - weather_app - INFO - Loaded user: Ryan
2025-10-26 22:24:17,045 - weather_app - INFO - User object created for User Two
2025-10-26 22:24:17,045 - weather_app - INFO - Loaded user: User Two
2025-10-26 22:24:17,045 - weather_app - INFO - Finished loading 2 users.
2025-10-26 22:24:17,045 - weather_app - INFO - Found 4 unique zipcodes.
2025-10-26 22:24:17,046 - weather_app - INFO - Loaded 2 users.
2025-10-26 22:24:17,046 - weather_app - INFO - Found 4 unique zipcodes.
2025-10-26 22:24:17,046 - weather_app - INFO - EmailConfig singleton instance created.
2025-10-26 22:24:17,046 - weather_app - INFO - EmailConfig instance initialized successfully.
2025-10-26 22:24:17,046 - weather_app - INFO - Email configuration initialized successfully.
2025-10-26 22:24:17,046 - weather_app - INFO - Fetching weather data for 4 unique zipcodes.
2025-10-26 22:24:17,089 - weather_app - INFO - Successfully fetched weather data for zipcode 22202
2025-10-26 22:24:17,126 - weather_app - INFO - Successfully fetched weather data for zipcode 22315
2025-10-26 22:24:17,172 - weather_app - INFO - Successfully fetched weather data for zipcode 75001
2025-10-26 22:24:17,225 - weather_app - INFO - Successfully fetched weather data for zipcode 60601
2025-10-26 22:24:17,226 - weather_app - INFO - Converting weather data to human readable format.
2025-10-26 22:24:17,226 - weather_app - INFO - Finished converting weather data to human readable format.
2025-10-26 22:24:17,227 - weather_app - INFO - Weather data retrieved successfully.
2025-10-26 22:24:17,227 - weather_app - INFO - Generating messages for users.
2025-10-26 22:24:17,227 - weather_app - INFO - Generating message for user: Ryan
2025-10-26 22:24:17,227 - weather_app - INFO - Included weather data for zipcode 22315 in message for Ryan
2025-10-26 22:24:17,227 - weather_app - INFO - Included weather data for zipcode 22202 in message for Ryan
2025-10-26 22:24:17,227 - weather_app - INFO - Message generated for user: Ryan
2025-10-26 22:24:17,228 - weather_app - INFO - Generating message for user: User Two
2025-10-26 22:24:17,228 - weather_app - INFO - Included weather data for zipcode 60601 in message for User Two
2025-10-26 22:24:17,228 - weather_app - INFO - Included weather data for zipcode 75001 in message for User Two
2025-10-26 22:24:17,228 - weather_app - INFO - Message generated for user: User Two
2025-10-26 22:24:17,228 - weather_app - INFO - Finished generating messages.
2025-10-26 22:24:17,229 - weather_app - INFO - {
  "22202": {
    "2025-10-27": [
      "03:00:00: Temp: 47.3F | Clouds - broken clouds",
      "06:00:00: Temp: 47.16F | Clouds - broken clouds",
      "09:00:00: Temp: 46.06F | Clouds - broken clouds"
    ]
  },
  "22315": {
    "2025-10-27": [
      "03:00:00: Temp: 45.57F | Clouds - broken clouds",
      "06:00:00: Temp: 45.37F | Clouds - broken clouds",
      "09:00:00: Temp: 44.37F | Clouds - broken clouds"
    ]
  },
  "75001": {
    "2025-10-27": [
      "03:00:00: Temp: 65.73F | Clouds - broken clouds",
      "06:00:00: Temp: 64.56F | Clouds - broken clouds",
      "09:00:00: Temp: 63.03F | Clouds - scattered clouds"
    ]
  },
  "60601": {
    "2025-10-27": [
      "03:00:00: Temp: 54.72F | Clouds - few clouds",
      "06:00:00: Temp: 52.52F | Clouds - few clouds",
      "09:00:00: Temp: 48.34F | Clear - clear sky"
    ]
  }
}
2025-10-26 22:24:17,229 - weather_app - INFO - Attempting to send messages.
2025-10-26 22:24:17,376 - weather_app - INFO - SMTP SSL context established.
2025-10-26 22:24:17,569 - weather_app - INFO - SMTP login successful.
2025-10-26 22:24:17,570 - weather_app - INFO - Sending message to Ryan
2025-10-26 22:24:18,298 - weather_app - INFO - Email sent successfully to 6157678490@vtext.com
2025-10-26 22:24:18,298 - weather_app - INFO - Sending message to User Two
2025-10-26 22:24:18,857 - weather_app - INFO - Email sent successfully to 0987654321@tmomail.net
2025-10-26 22:24:18,881 - weather_app - INFO - Application finished.
2025-10-26 22:47:48,624 - weather_app - INFO - Logger configured.
2025-10-26 22:47:48,738 - weather_app - INFO - Application started.
2025-10-26 22:47:48,741 - weather_app - INFO - Config file loaded successfully from /home/rmitchell/projects/notification_app/Config/weather_config.yml
2025-10-26 22:47:48,741 - weather_app - INFO - Configuration loaded successfully.
2025-10-26 22:47:48,741 - weather_app - INFO - Loading users from config.
2025-10-26 22:47:48,741 - weather_app - INFO - User object created for Ryan
2025-10-26 22:47:48,741 - weather_app - INFO - Loaded user: Ryan
2025-10-26 22:47:48,741 - weather_app - INFO - User object created for User Two
2025-10-26 22:47:48,742 - weather_app - INFO - Loaded user: User Two
2025-10-26 22:47:48,742 - weather_app - INFO - Finished loading 2 users.
2025-10-26 22:47:48,742 - weather_app - INFO - Found 4 unique zipcodes.
2025-10-26 22:47:48,742 - weather_app - INFO - Loaded 2 users.
2025-10-26 22:47:48,742 - weather_app - INFO - Found 4 unique zipcodes.
2025-10-26 22:47:48,742 - weather_app - INFO - EmailConfig singleton instance created.
2025-10-26 22:47:48,742 - weather_app - INFO - EmailConfig instance initialized successfully.
2025-10-26 22:47:48,742 - weather_app - INFO - Email configuration initialized successfully.
2025-10-26 22:47:48,742 - weather_app - INFO - Fetching weather data for 4 unique zipcodes.
2025-10-26 22:47:48,828 - weather_app - INFO - Successfully fetched weather data for zipcode 22202
2025-10-26 22:47:48,873 - weather_app - INFO - Successfully fetched weather data for zipcode 60601
2025-10-26 22:47:48,925 - weather_app - INFO - Successfully fetched weather data for zipcode 22315
2025-10-26 22:47:48,989 - weather_app - INFO - Successfully fetched weather data for zipcode 75001
2025-10-26 22:47:48,989 - weather_app - INFO - Converting weather data to human readable format.
2025-10-26 22:47:48,990 - weather_app - INFO - Finished converting weather data to human readable format.
2025-10-26 22:47:48,990 - weather_app - INFO - Weather data retrieved successfully.
2025-10-26 22:47:48,990 - weather_app - INFO - Generating messages for users.
2025-10-26 22:47:48,990 - weather_app - INFO - Generating message for user: Ryan
2025-10-26 22:47:48,991 - weather_app - INFO - Included weather data for zipcode 22315 in message for Ryan
2025-10-26 22:47:48,991 - weather_app - INFO - Included weather data for zipcode 22202 in message for Ryan
2025-10-26 22:47:48,991 - weather_app - INFO - Message generated for user: Ryan
2025-10-26 22:47:48,991 - weather_app - INFO - Hello Ryan,

Here is your weather forecast for the day:

Zipcode: 22315
Date: 2025-10-27
 - 03:00:00: Temp: 44.38F | Clear - clear sky
 - 06:00:00: Temp: 44.53F | Clouds - scattered clouds
 - 09:00:00: Temp: 43.97F | Clouds - broken clouds

Zipcode: 22202
Date: 2025-10-27
 - 03:00:00: Temp: 46.81F | Clouds - broken clouds
 - 06:00:00: Temp: 46.78F | Clouds - broken clouds
 - 09:00:00: Temp: 45.9F | Clouds - broken clouds


2025-10-26 22:47:48,992 - weather_app - INFO - Generating message for user: User Two
2025-10-26 22:47:48,992 - weather_app - INFO - Included weather data for zipcode 60601 in message for User Two
2025-10-26 22:47:48,992 - weather_app - INFO - Included weather data for zipcode 75001 in message for User Two
2025-10-26 22:47:48,992 - weather_app - INFO - Message generated for user: User Two
2025-10-26 22:47:48,993 - weather_app - INFO - Hello User Two,

Here is your weather forecast for the day:

Zipcode: 60601
Date: 2025-10-27
 - 03:00:00: Temp: 54.75F | Clouds - few clouds
 - 06:00:00: Temp: 52.54F | Clouds - few clouds
 - 09:00:00: Temp: 48.36F | Clear - clear sky

Zipcode: 75001
Date: 2025-10-27
 - 03:00:00: Temp: 65.79F | Clouds - broken clouds
 - 06:00:00: Temp: 64.58F | Clouds - broken clouds
 - 09:00:00: Temp: 63.05F | Clouds - scattered clouds


2025-10-26 22:47:48,993 - weather_app - INFO - Finished generating messages.
2025-10-26 22:47:48,993 - weather_app - INFO - {
  "22202": {
    "2025-10-27": [
      "03:00:00: Temp: 46.81F | Clouds - broken clouds",
      "06:00:00: Temp: 46.78F | Clouds - broken clouds",
      "09:00:00: Temp: 45.9F | Clouds - broken clouds"
    ]
  },
  "60601": {
    "2025-10-27": [
      "03:00:00: Temp: 54.75F | Clouds - few clouds",
      "06:00:00: Temp: 52.54F | Clouds - few clouds",
      "09:00:00: Temp: 48.36F | Clear - clear sky"
    ]
  },
  "22315": {
    "2025-10-27": [
      "03:00:00: Temp: 44.38F | Clear - clear sky",
      "06:00:00: Temp: 44.53F | Clouds - scattered clouds",
      "09:00:00: Temp: 43.97F | Clouds - broken clouds"
    ]
  },
  "75001": {
    "2025-10-27": [
      "03:00:00: Temp: 65.79F | Clouds - broken clouds",
      "06:00:00: Temp: 64.58F | Clouds - broken clouds",
      "09:00:00: Temp: 63.05F | Clouds - scattered clouds"
    ]
  }
}
2025-10-26 22:47:48,994 - weather_app - INFO - Attempting to send messages.
2025-10-26 22:47:49,138 - weather_app - INFO - SMTP SSL context established.
2025-10-26 22:47:49,333 - weather_app - INFO - SMTP login successful.
2025-10-26 22:47:49,333 - weather_app - INFO - Sending message to Ryan
2025-10-26 22:47:49,907 - weather_app - INFO - Email sent successfully to 6157678490@vtext.com
2025-10-26 22:47:49,908 - weather_app - INFO - Sending message to User Two
2025-10-26 22:47:52,004 - weather_app - INFO - Email sent successfully to 0987654321@tmomail.net
2025-10-26 22:47:52,027 - weather_app - INFO - Application finished.
2025-10-26 22:54:27,360 - weather_app - INFO - Logger configured.
2025-10-26 22:54:27,473 - weather_app - INFO - Application started.
2025-10-26 22:54:27,475 - weather_app - INFO - Config file loaded successfully from /home/rmitchell/projects/notification_app/Config/weather_config.yml
2025-10-26 22:54:27,475 - weather_app - INFO - Configuration loaded successfully.
2025-10-26 22:54:27,475 - weather_app - INFO - Loading users from config.
2025-10-26 22:54:27,476 - weather_app - INFO - User object created for Ryan
2025-10-26 22:54:27,476 - weather_app - INFO - Loaded user: Ryan
2025-10-26 22:54:27,476 - weather_app - INFO - User object created for User Two
2025-10-26 22:54:27,476 - weather_app - INFO - Loaded user: User Two
2025-10-26 22:54:27,476 - weather_app - INFO - Finished loading 2 users.
2025-10-26 22:54:27,476 - weather_app - INFO - Found 4 unique zipcodes.
2025-10-26 22:54:27,477 - weather_app - INFO - Loaded 2 users.
2025-10-26 22:54:27,477 - weather_app - INFO - Found 4 unique zipcodes.
2025-10-26 22:54:27,477 - weather_app - INFO - EmailConfig singleton instance created.
2025-10-26 22:54:27,477 - weather_app - INFO - EmailConfig instance initialized successfully.
2025-10-26 22:54:27,477 - weather_app - INFO - Email configuration initialized successfully.
2025-10-26 22:54:27,477 - weather_app - INFO - Fetching weather data for 4 unique zipcodes.
2025-10-26 22:54:27,558 - weather_app - INFO - Successfully fetched weather data for zipcode 60601
2025-10-26 22:54:27,610 - weather_app - INFO - Successfully fetched weather data for zipcode 22315
2025-10-26 22:54:27,662 - weather_app - INFO - Successfully fetched weather data for zipcode 22202
2025-10-26 22:54:27,716 - weather_app - INFO - Successfully fetched weather data for zipcode 75001
2025-10-26 22:54:27,716 - weather_app - INFO - Converting weather data to human readable format.
2025-10-26 22:54:27,717 - weather_app - INFO - Finished converting weather data to human readable format.
2025-10-26 22:54:27,717 - weather_app - INFO - Weather data retrieved successfully.
2025-10-26 22:54:27,717 - weather_app - INFO - Generating messages for users.
2025-10-26 22:54:27,717 - weather_app - INFO - Generating message for user: Ryan
2025-10-26 22:54:27,717 - weather_app - INFO - Included weather data for zipcode 22315 in message for Ryan
2025-10-26 22:54:27,718 - weather_app - INFO - Included weather data for zipcode 22202 in message for Ryan
2025-10-26 22:54:27,718 - weather_app - INFO - Message generated for user: Ryan
2025-10-26 22:54:27,718 - weather_app - INFO - Hello Ryan,

Here is your weather forecast for the day:

Zipcode: 22315
Date: 2025-10-27
 - 03:00:00: Temp: 44.38F | Clear - clear sky
 - 06:00:00: Temp: 44.53F | Clouds - scattered clouds
 - 09:00:00: Temp: 43.97F | Clouds - broken clouds

Zipcode: 22202
Date: 2025-10-27
 - 03:00:00: Temp: 46.81F | Clouds - broken clouds
 - 06:00:00: Temp: 46.78F | Clouds - broken clouds
 - 09:00:00: Temp: 45.9F | Clouds - broken clouds


2025-10-26 22:54:27,719 - weather_app - INFO - Generating message for user: User Two
2025-10-26 22:54:27,719 - weather_app - INFO - Included weather data for zipcode 60601 in message for User Two
2025-10-26 22:54:27,719 - weather_app - INFO - Included weather data for zipcode 75001 in message for User Two
2025-10-26 22:54:27,719 - weather_app - INFO - Message generated for user: User Two
2025-10-26 22:54:27,720 - weather_app - INFO - Hello User Two,

Here is your weather forecast for the day:

Zipcode: 60601
Date: 2025-10-27
 - 03:00:00: Temp: 54.75F | Clouds - few clouds
 - 06:00:00: Temp: 52.54F | Clouds - few clouds
 - 09:00:00: Temp: 48.36F | Clear - clear sky

Zipcode: 75001
Date: 2025-10-27
 - 03:00:00: Temp: 65.79F | Clouds - broken clouds
 - 06:00:00: Temp: 64.58F | Clouds - broken clouds
 - 09:00:00: Temp: 63.05F | Clouds - scattered clouds


2025-10-26 22:54:27,720 - weather_app - INFO - Finished generating messages.
2025-10-26 22:54:27,720 - weather_app - INFO - {
  "60601": {
    "2025-10-27": [
      "03:00:00: Temp: 54.75F | Clouds - few clouds",
      "06:00:00: Temp: 52.54F | Clouds - few clouds",
      "09:00:00: Temp: 48.36F | Clear - clear sky"
    ]
  },
  "22315": {
    "2025-10-27": [
      "03:00:00: Temp: 44.38F | Clear - clear sky",
      "06:00:00: Temp: 44.53F | Clouds - scattered clouds",
      "09:00:00: Temp: 43.97F | Clouds - broken clouds"
    ]
  },
  "22202": {
    "2025-10-27": [
      "03:00:00: Temp: 46.81F | Clouds - broken clouds",
      "06:00:00: Temp: 46.78F | Clouds - broken clouds",
      "09:00:00: Temp: 45.9F | Clouds - broken clouds"
    ]
  },
  "75001": {
    "2025-10-27": [
      "03:00:00: Temp: 65.79F | Clouds - broken clouds",
      "06:00:00: Temp: 64.58F | Clouds - broken clouds",
      "09:00:00: Temp: 63.05F | Clouds - scattered clouds"
    ]
  }
}
2025-10-26 22:54:27,721 - weather_app - INFO - Attempting to send messages.
2025-10-26 22:54:27,846 - weather_app - INFO - SMTP SSL context established.
2025-10-26 22:54:28,036 - weather_app - INFO - SMTP login successful.
2025-10-26 22:54:28,037 - weather_app - INFO - Sending message to Ryan
2025-10-26 22:54:28,609 - weather_app - INFO - Email sent successfully to 6157678490@vzwpix.com
2025-10-26 22:54:28,609 - weather_app - INFO - Sending message to User Two
2025-10-26 22:54:30,011 - weather_app - INFO - Email sent successfully to 0987654321@tmomail.net
2025-10-26 22:54:30,034 - weather_app - INFO - Application finished.
2025-10-27 06:46:39,694 - weather_app - INFO - Logger configured.
2025-10-27 06:46:39,808 - weather_app - INFO - Application started.
2025-10-27 06:46:39,810 - weather_app - INFO - Config file loaded successfully from /home/rmitchell/projects/notification_app/Config/weather_config.yml
2025-10-27 06:46:39,811 - weather_app - INFO - Configuration loaded successfully.
2025-10-27 06:46:39,811 - weather_app - INFO - Loading users from config.
2025-10-27 06:46:39,811 - weather_app - INFO - User object created for Ryan
2025-10-27 06:46:39,811 - weather_app - INFO - Loaded user: Ryan
2025-10-27 06:46:39,811 - weather_app - INFO - User object created for Lindsay
2025-10-27 06:46:39,811 - weather_app - INFO - Loaded user: Lindsay
2025-10-27 06:46:39,811 - weather_app - WARNING - Skipping invalid user entry in config: {'name': 'Cory', 'ph_nmbr': '2074271336', 'carrier': 'Verizon', 'zipcodes': '22315'}
2025-10-27 06:46:39,811 - weather_app - INFO - Finished loading 2 users.
2025-10-27 06:46:39,811 - weather_app - INFO - Found 3 unique zipcodes.
2025-10-27 06:46:39,812 - weather_app - INFO - Loaded 2 users.
2025-10-27 06:46:39,812 - weather_app - INFO - Found 3 unique zipcodes.
2025-10-27 06:46:39,812 - weather_app - INFO - EmailConfig singleton instance created.
2025-10-27 06:46:39,812 - weather_app - INFO - EmailConfig instance initialized successfully.
2025-10-27 06:46:39,812 - weather_app - INFO - Email configuration initialized successfully.
2025-10-27 06:46:39,812 - weather_app - INFO - Fetching weather data for 3 unique zipcodes.
2025-10-27 06:46:39,881 - weather_app - INFO - Successfully fetched weather data for zipcode 20016
2025-10-27 06:46:39,949 - weather_app - INFO - Successfully fetched weather data for zipcode 22315
2025-10-27 06:46:40,009 - weather_app - INFO - Successfully fetched weather data for zipcode 22202
2025-10-27 06:46:40,009 - weather_app - INFO - Converting weather data to human readable format.
2025-10-27 06:46:40,010 - weather_app - INFO - Finished converting weather data to human readable format.
2025-10-27 06:46:40,010 - weather_app - INFO - Weather data retrieved successfully.
2025-10-27 06:46:40,010 - weather_app - INFO - Generating messages for users.
2025-10-27 06:46:40,011 - weather_app - INFO - Generating message for user: Ryan
2025-10-27 06:46:40,011 - weather_app - INFO - Included weather data for zipcode 22315 in message for Ryan
2025-10-27 06:46:40,011 - weather_app - INFO - Included weather data for zipcode 22202 in message for Ryan
2025-10-27 06:46:40,012 - weather_app - INFO - Message generated for user: Ryan
2025-10-27 06:46:40,012 - weather_app - INFO - Hello Ryan,

Here is your weather forecast for the day:

Zipcode: 22315
Date: 2025-10-27
 - 12:00:00: Temp: 42.24F | Clouds - overcast clouds
 - 15:00:00: Temp: 46.31F | Clouds - overcast clouds
 - 18:00:00: Temp: 54.43F | Clouds - broken clouds

Zipcode: 22202
Date: 2025-10-27
 - 12:00:00: Temp: 43.18F | Clouds - overcast clouds
 - 15:00:00: Temp: 47.12F | Clouds - overcast clouds
 - 18:00:00: Temp: 55.18F | Clouds - broken clouds


2025-10-27 06:46:40,012 - weather_app - INFO - Generating message for user: Lindsay
2025-10-27 06:46:40,012 - weather_app - INFO - Included weather data for zipcode 22315 in message for Lindsay
2025-10-27 06:46:40,013 - weather_app - INFO - Included weather data for zipcode 20016 in message for Lindsay
2025-10-27 06:46:40,013 - weather_app - INFO - Message generated for user: Lindsay
2025-10-27 06:46:40,013 - weather_app - INFO - Hello Lindsay,

Here is your weather forecast for the day:

Zipcode: 22315
Date: 2025-10-27
 - 12:00:00: Temp: 42.24F | Clouds - overcast clouds
 - 15:00:00: Temp: 46.31F | Clouds - overcast clouds
 - 18:00:00: Temp: 54.43F | Clouds - broken clouds

Zipcode: 20016
Date: 2025-10-27
 - 12:00:00: Temp: 41.54F | Clouds - overcast clouds
 - 15:00:00: Temp: 45.88F | Clouds - overcast clouds
 - 18:00:00: Temp: 54F | Clouds - broken clouds


2025-10-27 06:46:40,013 - weather_app - INFO - Finished generating messages.
2025-10-27 06:46:40,014 - weather_app - INFO - {
  "20016": {
    "2025-10-27": [
      "12:00:00: Temp: 41.54F | Clouds - overcast clouds",
      "15:00:00: Temp: 45.88F | Clouds - overcast clouds",
      "18:00:00: Temp: 54F | Clouds - broken clouds"
    ]
  },
  "22315": {
    "2025-10-27": [
      "12:00:00: Temp: 42.24F | Clouds - overcast clouds",
      "15:00:00: Temp: 46.31F | Clouds - overcast clouds",
      "18:00:00: Temp: 54.43F | Clouds - broken clouds"
    ]
  },
  "22202": {
    "2025-10-27": [
      "12:00:00: Temp: 43.18F | Clouds - overcast clouds",
      "15:00:00: Temp: 47.12F | Clouds - overcast clouds",
      "18:00:00: Temp: 55.18F | Clouds - broken clouds"
    ]
  }
}
2025-10-27 06:46:40,014 - weather_app - INFO - Attempting to send messages.
2025-10-27 06:46:40,171 - weather_app - INFO - SMTP SSL context established.
2025-10-27 06:46:40,371 - weather_app - INFO - SMTP login successful.
2025-10-27 06:46:40,372 - weather_app - INFO - Sending message to Ryan
2025-10-27 06:46:41,046 - weather_app - INFO - Email sent successfully to 6157678490@vzwpix.com
2025-10-27 06:46:41,047 - weather_app - INFO - Sending message to Lindsay
2025-10-27 06:46:41,904 - weather_app - INFO - Email sent successfully to 2072142570@vzwpix.com
2025-10-27 06:46:41,929 - weather_app - INFO - Application finished.
